{"C:\\Users\\HP\\Documents\\Kuliah\\Bootcamp Cooderu\\Pertemuan 6 juni\\miniEcommerce\\config\\config.js": {"path":"C:\\Users\\HP\\Documents\\Kuliah\\Bootcamp Cooderu\\Pertemuan 6 juni\\miniEcommerce\\config\\config.js","statementMap":{"0":{"start":{"line":1,"column":0},"end":{"line":1,"column":27}},"1":{"start":{"line":2,"column":0},"end":{"line":33,"column":1}}},"fnMap":{},"branchMap":{},"s":{"0":1,"1":1},"f":{},"b":{},"_coverageSchema":"1a1c01bbd47fc00a2c39e90264f33305004495a9","hash":"bf18503439d80ec8c5a7d0b27be62c68b622c139"}
,"C:\\Users\\HP\\Documents\\Kuliah\\Bootcamp Cooderu\\Pertemuan 6 juni\\miniEcommerce\\controllers\\user.controller.js": {"path":"C:\\Users\\HP\\Documents\\Kuliah\\Bootcamp Cooderu\\Pertemuan 6 juni\\miniEcommerce\\controllers\\user.controller.js","statementMap":{"0":{"start":{"line":1,"column":59},"end":{"line":1,"column":85}},"1":{"start":{"line":2,"column":15},"end":{"line":2,"column":32}},"2":{"start":{"line":3,"column":26},"end":{"line":3,"column":65}},"3":{"start":{"line":5,"column":15},"end":{"line":56,"column":1}},"4":{"start":{"line":6,"column":17},"end":{"line":6,"column":25}},"5":{"start":{"line":7,"column":21},"end":{"line":7,"column":34}},"6":{"start":{"line":8,"column":18},"end":{"line":8,"column":28}},"7":{"start":{"line":9,"column":21},"end":{"line":9,"column":55}},"8":{"start":{"line":14,"column":4},"end":{"line":55,"column":7}},"9":{"start":{"line":16,"column":23},"end":{"line":48,"column":10}},"10":{"start":{"line":18,"column":29},"end":{"line":22,"column":34}},"11":{"start":{"line":24,"column":12},"end":{"line":45,"column":13}},"12":{"start":{"line":25,"column":29},"end":{"line":29,"column":40}},"13":{"start":{"line":31,"column":31},"end":{"line":33,"column":40}},"14":{"start":{"line":35,"column":18},"end":{"line":39,"column":18}},"15":{"start":{"line":41,"column":16},"end":{"line":44,"column":18}},"16":{"start":{"line":51,"column":8},"end":{"line":54,"column":10}},"17":{"start":{"line":58,"column":14},"end":{"line":97,"column":1}},"18":{"start":{"line":59,"column":29},"end":{"line":59,"column":37}},"19":{"start":{"line":60,"column":4},"end":{"line":60,"column":31}},"20":{"start":{"line":61,"column":3},"end":{"line":96,"column":6}},"21":{"start":{"line":70,"column":30},"end":{"line":70,"column":73}},"22":{"start":{"line":72,"column":12},"end":{"line":76,"column":13}},"23":{"start":{"line":73,"column":16},"end":{"line":75,"column":19}},"24":{"start":{"line":78,"column":22},"end":{"line":82,"column":13}},"25":{"start":{"line":84,"column":24},"end":{"line":84,"column":43}},"26":{"start":{"line":86,"column":12},"end":{"line":93,"column":14}},"27":{"start":{"line":95,"column":8},"end":{"line":95,"column":30}},"28":{"start":{"line":99,"column":22},"end":{"line":111,"column":1}},"29":{"start":{"line":100,"column":4},"end":{"line":110,"column":6}},"30":{"start":{"line":101,"column":8},"end":{"line":104,"column":10}},"31":{"start":{"line":106,"column":8},"end":{"line":109,"column":10}},"32":{"start":{"line":113,"column":25},"end":{"line":129,"column":1}},"33":{"start":{"line":114,"column":19},"end":{"line":114,"column":27}},"34":{"start":{"line":115,"column":4},"end":{"line":128,"column":6}},"35":{"start":{"line":120,"column":8},"end":{"line":123,"column":10}},"36":{"start":{"line":125,"column":8},"end":{"line":127,"column":10}},"37":{"start":{"line":131,"column":21},"end":{"line":189,"column":1}},"38":{"start":{"line":132,"column":43},"end":{"line":132,"column":51}},"39":{"start":{"line":134,"column":4},"end":{"line":165,"column":5}},"40":{"start":{"line":135,"column":9},"end":{"line":159,"column":10}},"41":{"start":{"line":140,"column":12},"end":{"line":158,"column":13}},"42":{"start":{"line":141,"column":17},"end":{"line":152,"column":18}},"43":{"start":{"line":147,"column":20},"end":{"line":151,"column":22}},"44":{"start":{"line":154,"column":16},"end":{"line":157,"column":18}},"45":{"start":{"line":161,"column":8},"end":{"line":164,"column":10}},"46":{"start":{"line":191,"column":14},"end":{"line":238,"column":1}},"47":{"start":{"line":192,"column":29},"end":{"line":192,"column":37}},"48":{"start":{"line":194,"column":4},"end":{"line":237,"column":5}},"49":{"start":{"line":195,"column":8},"end":{"line":236,"column":10}},"50":{"start":{"line":200,"column":12},"end":{"line":235,"column":13}},"51":{"start":{"line":201,"column":17},"end":{"line":216,"column":18}},"52":{"start":{"line":205,"column":20},"end":{"line":209,"column":22}},"53":{"start":{"line":211,"column":20},"end":{"line":215,"column":22}},"54":{"start":{"line":218,"column":28},"end":{"line":218,"column":48}},"55":{"start":{"line":219,"column":16},"end":{"line":234,"column":18}},"56":{"start":{"line":224,"column":20},"end":{"line":227,"column":22}},"57":{"start":{"line":229,"column":20},"end":{"line":233,"column":22}},"58":{"start":{"line":240,"column":24},"end":{"line":310,"column":1}},"59":{"start":{"line":241,"column":28},"end":{"line":241,"column":36}},"60":{"start":{"line":243,"column":4},"end":{"line":309,"column":7}},"61":{"start":{"line":245,"column":23},"end":{"line":301,"column":10}},"62":{"start":{"line":246,"column":32},"end":{"line":250,"column":34}},"63":{"start":{"line":252,"column":32},"end":{"line":256,"column":34}},"64":{"start":{"line":258,"column":29},"end":{"line":258,"column":57}},"65":{"start":{"line":260,"column":12},"end":{"line":299,"column":13}},"66":{"start":{"line":261,"column":36},"end":{"line":261,"column":67}},"67":{"start":{"line":262,"column":38},"end":{"line":266,"column":38}},"68":{"start":{"line":269,"column":34},"end":{"line":269,"column":65}},"69":{"start":{"line":270,"column":39},"end":{"line":274,"column":38}},"70":{"start":{"line":278,"column":38},"end":{"line":283,"column":40}},"71":{"start":{"line":286,"column":18},"end":{"line":290,"column":20}},"72":{"start":{"line":294,"column":16},"end":{"line":298,"column":18}},"73":{"start":{"line":304,"column":8},"end":{"line":308,"column":10}},"74":{"start":{"line":312,"column":19},"end":{"line":349,"column":1}},"75":{"start":{"line":313,"column":4},"end":{"line":348,"column":6}},"76":{"start":{"line":339,"column":8},"end":{"line":342,"column":10}},"77":{"start":{"line":344,"column":8},"end":{"line":347,"column":10}},"78":{"start":{"line":351,"column":19},"end":{"line":366,"column":1}},"79":{"start":{"line":352,"column":4},"end":{"line":365,"column":6}},"80":{"start":{"line":357,"column":8},"end":{"line":360,"column":10}},"81":{"start":{"line":362,"column":8},"end":{"line":364,"column":10}},"82":{"start":{"line":368,"column":0},"end":{"line":378,"column":1}}},"fnMap":{"0":{"name":"(anonymous_0)","decl":{"start":{"line":5,"column":15},"end":{"line":5,"column":16}},"loc":{"start":{"line":5,"column":35},"end":{"line":56,"column":1}},"line":5},"1":{"name":"(anonymous_1)","decl":{"start":{"line":16,"column":51},"end":{"line":16,"column":52}},"loc":{"start":{"line":16,"column":64},"end":{"line":48,"column":9}},"line":16},"2":{"name":"(anonymous_2)","decl":{"start":{"line":58,"column":14},"end":{"line":58,"column":15}},"loc":{"start":{"line":58,"column":33},"end":{"line":97,"column":1}},"line":58},"3":{"name":"(anonymous_3)","decl":{"start":{"line":69,"column":13},"end":{"line":69,"column":14}},"loc":{"start":{"line":69,"column":21},"end":{"line":94,"column":5}},"line":69},"4":{"name":"(anonymous_4)","decl":{"start":{"line":94,"column":13},"end":{"line":94,"column":14}},"loc":{"start":{"line":94,"column":18},"end":{"line":96,"column":5}},"line":94},"5":{"name":"(anonymous_5)","decl":{"start":{"line":99,"column":22},"end":{"line":99,"column":23}},"loc":{"start":{"line":99,"column":41},"end":{"line":111,"column":1}},"line":99},"6":{"name":"(anonymous_6)","decl":{"start":{"line":100,"column":33},"end":{"line":100,"column":34}},"loc":{"start":{"line":100,"column":41},"end":{"line":105,"column":5}},"line":100},"7":{"name":"(anonymous_7)","decl":{"start":{"line":105,"column":13},"end":{"line":105,"column":14}},"loc":{"start":{"line":105,"column":18},"end":{"line":110,"column":5}},"line":105},"8":{"name":"(anonymous_8)","decl":{"start":{"line":113,"column":25},"end":{"line":113,"column":26}},"loc":{"start":{"line":113,"column":44},"end":{"line":129,"column":1}},"line":113},"9":{"name":"(anonymous_9)","decl":{"start":{"line":119,"column":12},"end":{"line":119,"column":13}},"loc":{"start":{"line":119,"column":20},"end":{"line":124,"column":5}},"line":119},"10":{"name":"(anonymous_10)","decl":{"start":{"line":124,"column":13},"end":{"line":124,"column":14}},"loc":{"start":{"line":124,"column":18},"end":{"line":128,"column":5}},"line":124},"11":{"name":"(anonymous_11)","decl":{"start":{"line":131,"column":21},"end":{"line":131,"column":22}},"loc":{"start":{"line":131,"column":40},"end":{"line":189,"column":1}},"line":131},"12":{"name":"(anonymous_12)","decl":{"start":{"line":139,"column":16},"end":{"line":139,"column":17}},"loc":{"start":{"line":139,"column":24},"end":{"line":159,"column":9}},"line":139},"13":{"name":"(anonymous_13)","decl":{"start":{"line":146,"column":24},"end":{"line":146,"column":25}},"loc":{"start":{"line":146,"column":32},"end":{"line":152,"column":17}},"line":146},"14":{"name":"(anonymous_14)","decl":{"start":{"line":191,"column":14},"end":{"line":191,"column":15}},"loc":{"start":{"line":191,"column":33},"end":{"line":238,"column":1}},"line":191},"15":{"name":"(anonymous_15)","decl":{"start":{"line":199,"column":16},"end":{"line":199,"column":17}},"loc":{"start":{"line":199,"column":24},"end":{"line":236,"column":9}},"line":199},"16":{"name":"(anonymous_16)","decl":{"start":{"line":204,"column":24},"end":{"line":204,"column":25}},"loc":{"start":{"line":204,"column":32},"end":{"line":210,"column":17}},"line":204},"17":{"name":"(anonymous_17)","decl":{"start":{"line":210,"column":25},"end":{"line":210,"column":26}},"loc":{"start":{"line":210,"column":30},"end":{"line":216,"column":17}},"line":210},"18":{"name":"(anonymous_18)","decl":{"start":{"line":223,"column":24},"end":{"line":223,"column":25}},"loc":{"start":{"line":223,"column":32},"end":{"line":228,"column":17}},"line":223},"19":{"name":"(anonymous_19)","decl":{"start":{"line":228,"column":25},"end":{"line":228,"column":26}},"loc":{"start":{"line":228,"column":30},"end":{"line":234,"column":17}},"line":228},"20":{"name":"(anonymous_20)","decl":{"start":{"line":240,"column":24},"end":{"line":240,"column":25}},"loc":{"start":{"line":240,"column":43},"end":{"line":310,"column":1}},"line":240},"21":{"name":"(anonymous_21)","decl":{"start":{"line":245,"column":51},"end":{"line":245,"column":52}},"loc":{"start":{"line":245,"column":64},"end":{"line":301,"column":9}},"line":245},"22":{"name":"(anonymous_22)","decl":{"start":{"line":312,"column":19},"end":{"line":312,"column":20}},"loc":{"start":{"line":312,"column":38},"end":{"line":349,"column":1}},"line":312},"23":{"name":"(anonymous_23)","decl":{"start":{"line":338,"column":12},"end":{"line":338,"column":13}},"loc":{"start":{"line":338,"column":20},"end":{"line":343,"column":5}},"line":338},"24":{"name":"(anonymous_24)","decl":{"start":{"line":343,"column":13},"end":{"line":343,"column":14}},"loc":{"start":{"line":343,"column":18},"end":{"line":348,"column":5}},"line":343},"25":{"name":"(anonymous_25)","decl":{"start":{"line":351,"column":19},"end":{"line":351,"column":20}},"loc":{"start":{"line":351,"column":38},"end":{"line":366,"column":1}},"line":351},"26":{"name":"(anonymous_26)","decl":{"start":{"line":356,"column":12},"end":{"line":356,"column":13}},"loc":{"start":{"line":356,"column":20},"end":{"line":361,"column":5}},"line":356},"27":{"name":"(anonymous_27)","decl":{"start":{"line":361,"column":13},"end":{"line":361,"column":14}},"loc":{"start":{"line":361,"column":18},"end":{"line":365,"column":5}},"line":361}},"branchMap":{"0":{"loc":{"start":{"line":24,"column":12},"end":{"line":45,"column":13}},"type":"if","locations":[{"start":{"line":24,"column":12},"end":{"line":45,"column":13}},{"start":{"line":40,"column":17},"end":{"line":45,"column":13}}],"line":24},"1":{"loc":{"start":{"line":72,"column":12},"end":{"line":76,"column":13}},"type":"if","locations":[{"start":{"line":72,"column":12},"end":{"line":76,"column":13}},{"start":{},"end":{}}],"line":72},"2":{"loc":{"start":{"line":134,"column":4},"end":{"line":165,"column":5}},"type":"if","locations":[{"start":{"line":134,"column":4},"end":{"line":165,"column":5}},{"start":{"line":160,"column":9},"end":{"line":165,"column":5}}],"line":134},"3":{"loc":{"start":{"line":140,"column":12},"end":{"line":158,"column":13}},"type":"if","locations":[{"start":{"line":140,"column":12},"end":{"line":158,"column":13}},{"start":{"line":153,"column":17},"end":{"line":158,"column":13}}],"line":140},"4":{"loc":{"start":{"line":194,"column":4},"end":{"line":237,"column":5}},"type":"if","locations":[{"start":{"line":194,"column":4},"end":{"line":237,"column":5}},{"start":{},"end":{}}],"line":194},"5":{"loc":{"start":{"line":200,"column":12},"end":{"line":235,"column":13}},"type":"if","locations":[{"start":{"line":200,"column":12},"end":{"line":235,"column":13}},{"start":{"line":217,"column":17},"end":{"line":235,"column":13}}],"line":200},"6":{"loc":{"start":{"line":260,"column":12},"end":{"line":299,"column":13}},"type":"if","locations":[{"start":{"line":260,"column":12},"end":{"line":299,"column":13}},{"start":{"line":293,"column":17},"end":{"line":299,"column":13}}],"line":260}},"s":{"0":1,"1":1,"2":1,"3":1,"4":2,"5":2,"6":2,"7":2,"8":2,"9":2,"10":0,"11":0,"12":0,"13":0,"14":0,"15":0,"16":0,"17":1,"18":2,"19":2,"20":2,"21":1,"22":1,"23":1,"24":0,"25":0,"26":0,"27":1,"28":1,"29":2,"30":1,"31":1,"32":1,"33":2,"34":2,"35":1,"36":1,"37":1,"38":2,"39":2,"40":0,"41":0,"42":0,"43":0,"44":0,"45":2,"46":1,"47":2,"48":2,"49":1,"50":1,"51":0,"52":0,"53":0,"54":1,"55":1,"56":0,"57":0,"58":1,"59":0,"60":0,"61":0,"62":0,"63":0,"64":0,"65":0,"66":0,"67":0,"68":0,"69":0,"70":0,"71":0,"72":0,"73":0,"74":1,"75":2,"76":1,"77":1,"78":1,"79":2,"80":1,"81":1,"82":1},"f":{"0":2,"1":0,"2":2,"3":1,"4":1,"5":2,"6":1,"7":1,"8":2,"9":1,"10":1,"11":2,"12":0,"13":0,"14":2,"15":1,"16":0,"17":0,"18":0,"19":0,"20":0,"21":0,"22":2,"23":1,"24":1,"25":2,"26":1,"27":1},"b":{"0":[0,0],"1":[1,0],"2":[0,2],"3":[0,0],"4":[1,1],"5":[0,1],"6":[0,0]},"_coverageSchema":"1a1c01bbd47fc00a2c39e90264f33305004495a9","hash":"8d42d91101501ec50b70b89c077b944321102992"}
,"C:\\Users\\HP\\Documents\\Kuliah\\Bootcamp Cooderu\\Pertemuan 6 juni\\miniEcommerce\\middleware\\authentication.js": {"path":"C:\\Users\\HP\\Documents\\Kuliah\\Bootcamp Cooderu\\Pertemuan 6 juni\\miniEcommerce\\middleware\\authentication.js","statementMap":{"0":{"start":{"line":2,"column":12},"end":{"line":2,"column":35}},"1":{"start":{"line":3,"column":19},"end":{"line":3,"column":30}},"2":{"start":{"line":5,"column":15},"end":{"line":18,"column":1}},"3":{"start":{"line":6,"column":18},"end":{"line":6,"column":47}},"4":{"start":{"line":7,"column":4},"end":{"line":17,"column":6}},"5":{"start":{"line":8,"column":8},"end":{"line":12,"column":9}},"6":{"start":{"line":9,"column":12},"end":{"line":11,"column":14}},"7":{"start":{"line":14,"column":8},"end":{"line":14,"column":27}},"8":{"start":{"line":15,"column":8},"end":{"line":15,"column":31}},"9":{"start":{"line":16,"column":8},"end":{"line":16,"column":14}},"10":{"start":{"line":20,"column":22},"end":{"line":26,"column":1}},"11":{"start":{"line":21,"column":18},"end":{"line":24,"column":7}},"12":{"start":{"line":25,"column":5},"end":{"line":25,"column":17}},"13":{"start":{"line":28,"column":0},"end":{"line":31,"column":1}}},"fnMap":{"0":{"name":"(anonymous_0)","decl":{"start":{"line":5,"column":15},"end":{"line":5,"column":16}},"loc":{"start":{"line":5,"column":35},"end":{"line":18,"column":1}},"line":5},"1":{"name":"(anonymous_1)","decl":{"start":{"line":7,"column":34},"end":{"line":7,"column":35}},"loc":{"start":{"line":7,"column":52},"end":{"line":17,"column":5}},"line":7},"2":{"name":"(anonymous_2)","decl":{"start":{"line":20,"column":22},"end":{"line":20,"column":23}},"loc":{"start":{"line":20,"column":35},"end":{"line":26,"column":1}},"line":20}},"branchMap":{"0":{"loc":{"start":{"line":8,"column":8},"end":{"line":12,"column":9}},"type":"if","locations":[{"start":{"line":8,"column":8},"end":{"line":12,"column":9}},{"start":{},"end":{}}],"line":8}},"s":{"0":1,"1":1,"2":1,"3":0,"4":0,"5":0,"6":0,"7":0,"8":0,"9":0,"10":1,"11":0,"12":0,"13":1},"f":{"0":0,"1":0,"2":0},"b":{"0":[0,0]},"_coverageSchema":"1a1c01bbd47fc00a2c39e90264f33305004495a9","hash":"9f5c77999237dd266baea1bd04de71719517a28b"}
,"C:\\Users\\HP\\Documents\\Kuliah\\Bootcamp Cooderu\\Pertemuan 6 juni\\miniEcommerce\\models\\balance.js": {"path":"C:\\Users\\HP\\Documents\\Kuliah\\Bootcamp Cooderu\\Pertemuan 6 juni\\miniEcommerce\\models\\balance.js","statementMap":{"0":{"start":{"line":4,"column":4},"end":{"line":4,"column":24}},"1":{"start":{"line":5,"column":0},"end":{"line":24,"column":2}},"2":{"start":{"line":16,"column":2},"end":{"line":22,"column":5}},"3":{"start":{"line":23,"column":2},"end":{"line":23,"column":17}}},"fnMap":{"0":{"name":"(anonymous_0)","decl":{"start":{"line":5,"column":17},"end":{"line":5,"column":18}},"loc":{"start":{"line":5,"column":43},"end":{"line":24,"column":1}},"line":5},"1":{"name":"(anonymous_1)","decl":{"start":{"line":12,"column":4},"end":{"line":12,"column":5}},"loc":{"start":{"line":12,"column":29},"end":{"line":14,"column":5}},"line":12}},"branchMap":{},"s":{"0":1,"1":1,"2":1,"3":1},"f":{"0":1,"1":1},"b":{},"_coverageSchema":"1a1c01bbd47fc00a2c39e90264f33305004495a9","hash":"093260e6d4dfa05c6963bd9117d113987de35e55"}
,"C:\\Users\\HP\\Documents\\Kuliah\\Bootcamp Cooderu\\Pertemuan 6 juni\\miniEcommerce\\models\\history.js": {"path":"C:\\Users\\HP\\Documents\\Kuliah\\Bootcamp Cooderu\\Pertemuan 6 juni\\miniEcommerce\\models\\history.js","statementMap":{"0":{"start":{"line":4,"column":4},"end":{"line":4,"column":24}},"1":{"start":{"line":5,"column":0},"end":{"line":35,"column":2}},"2":{"start":{"line":14,"column":6},"end":{"line":17,"column":9}},"3":{"start":{"line":19,"column":6},"end":{"line":22,"column":9}},"4":{"start":{"line":25,"column":2},"end":{"line":33,"column":5}},"5":{"start":{"line":34,"column":2},"end":{"line":34,"column":17}}},"fnMap":{"0":{"name":"(anonymous_0)","decl":{"start":{"line":5,"column":17},"end":{"line":5,"column":18}},"loc":{"start":{"line":5,"column":43},"end":{"line":35,"column":1}},"line":5},"1":{"name":"(anonymous_1)","decl":{"start":{"line":12,"column":4},"end":{"line":12,"column":5}},"loc":{"start":{"line":12,"column":29},"end":{"line":23,"column":5}},"line":12}},"branchMap":{},"s":{"0":1,"1":1,"2":1,"3":1,"4":1,"5":1},"f":{"0":1,"1":1},"b":{},"_coverageSchema":"1a1c01bbd47fc00a2c39e90264f33305004495a9","hash":"254e9731deae865181a335e7c4f09c186430c618"}
,"C:\\Users\\HP\\Documents\\Kuliah\\Bootcamp Cooderu\\Pertemuan 6 juni\\miniEcommerce\\models\\index.js": {"path":"C:\\Users\\HP\\Documents\\Kuliah\\Bootcamp Cooderu\\Pertemuan 6 juni\\miniEcommerce\\models\\index.js","statementMap":{"0":{"start":{"line":3,"column":11},"end":{"line":3,"column":24}},"1":{"start":{"line":4,"column":13},"end":{"line":4,"column":28}},"2":{"start":{"line":5,"column":18},"end":{"line":5,"column":38}},"3":{"start":{"line":6,"column":17},"end":{"line":6,"column":42}},"4":{"start":{"line":7,"column":12},"end":{"line":7,"column":49}},"5":{"start":{"line":8,"column":15},"end":{"line":8,"column":63}},"6":{"start":{"line":9,"column":11},"end":{"line":9,"column":13}},"7":{"start":{"line":12,"column":0},"end":{"line":16,"column":1}},"8":{"start":{"line":13,"column":2},"end":{"line":13,"column":74}},"9":{"start":{"line":15,"column":2},"end":{"line":15,"column":87}},"10":{"start":{"line":18,"column":0},"end":{"line":26,"column":5}},"11":{"start":{"line":21,"column":4},"end":{"line":21,"column":90}},"12":{"start":{"line":24,"column":18},"end":{"line":24,"column":85}},"13":{"start":{"line":25,"column":4},"end":{"line":25,"column":27}},"14":{"start":{"line":28,"column":0},"end":{"line":32,"column":3}},"15":{"start":{"line":29,"column":2},"end":{"line":31,"column":3}},"16":{"start":{"line":30,"column":4},"end":{"line":30,"column":32}},"17":{"start":{"line":34,"column":0},"end":{"line":34,"column":25}},"18":{"start":{"line":35,"column":0},"end":{"line":35,"column":25}},"19":{"start":{"line":37,"column":0},"end":{"line":37,"column":20}}},"fnMap":{"0":{"name":"(anonymous_0)","decl":{"start":{"line":20,"column":10},"end":{"line":20,"column":11}},"loc":{"start":{"line":20,"column":18},"end":{"line":22,"column":3}},"line":20},"1":{"name":"(anonymous_1)","decl":{"start":{"line":23,"column":11},"end":{"line":23,"column":12}},"loc":{"start":{"line":23,"column":19},"end":{"line":26,"column":3}},"line":23},"2":{"name":"(anonymous_2)","decl":{"start":{"line":28,"column":24},"end":{"line":28,"column":25}},"loc":{"start":{"line":28,"column":37},"end":{"line":32,"column":1}},"line":28}},"branchMap":{"0":{"loc":{"start":{"line":7,"column":12},"end":{"line":7,"column":49}},"type":"binary-expr","locations":[{"start":{"line":7,"column":12},"end":{"line":7,"column":32}},{"start":{"line":7,"column":36},"end":{"line":7,"column":49}}],"line":7},"1":{"loc":{"start":{"line":12,"column":0},"end":{"line":16,"column":1}},"type":"if","locations":[{"start":{"line":12,"column":0},"end":{"line":16,"column":1}},{"start":{"line":14,"column":7},"end":{"line":16,"column":1}}],"line":12},"2":{"loc":{"start":{"line":21,"column":11},"end":{"line":21,"column":89}},"type":"binary-expr","locations":[{"start":{"line":21,"column":12},"end":{"line":21,"column":35}},{"start":{"line":21,"column":41},"end":{"line":21,"column":58}},{"start":{"line":21,"column":64},"end":{"line":21,"column":88}}],"line":21},"3":{"loc":{"start":{"line":29,"column":2},"end":{"line":31,"column":3}},"type":"if","locations":[{"start":{"line":29,"column":2},"end":{"line":31,"column":3}},{"start":{},"end":{}}],"line":29}},"s":{"0":1,"1":1,"2":1,"3":1,"4":1,"5":1,"6":1,"7":1,"8":0,"9":1,"10":1,"11":6,"12":5,"13":5,"14":1,"15":5,"16":5,"17":1,"18":1,"19":1},"f":{"0":6,"1":5,"2":5},"b":{"0":[1,0],"1":[0,1],"2":[6,6,5],"3":[5,0]},"_coverageSchema":"1a1c01bbd47fc00a2c39e90264f33305004495a9","hash":"641673acebef5bc4183b7453c1391675a5a23a3f"}
,"C:\\Users\\HP\\Documents\\Kuliah\\Bootcamp Cooderu\\Pertemuan 6 juni\\miniEcommerce\\models\\product.js": {"path":"C:\\Users\\HP\\Documents\\Kuliah\\Bootcamp Cooderu\\Pertemuan 6 juni\\miniEcommerce\\models\\product.js","statementMap":{"0":{"start":{"line":4,"column":4},"end":{"line":4,"column":24}},"1":{"start":{"line":5,"column":0},"end":{"line":30,"column":2}},"2":{"start":{"line":14,"column":6},"end":{"line":17,"column":9}},"3":{"start":{"line":20,"column":2},"end":{"line":28,"column":5}},"4":{"start":{"line":29,"column":2},"end":{"line":29,"column":17}}},"fnMap":{"0":{"name":"(anonymous_0)","decl":{"start":{"line":5,"column":17},"end":{"line":5,"column":18}},"loc":{"start":{"line":5,"column":43},"end":{"line":30,"column":1}},"line":5},"1":{"name":"(anonymous_1)","decl":{"start":{"line":12,"column":4},"end":{"line":12,"column":5}},"loc":{"start":{"line":12,"column":29},"end":{"line":18,"column":5}},"line":12}},"branchMap":{},"s":{"0":1,"1":1,"2":1,"3":1,"4":1},"f":{"0":1,"1":1},"b":{},"_coverageSchema":"1a1c01bbd47fc00a2c39e90264f33305004495a9","hash":"8da12b18eb0a33375e2e98eef9a611104c9fc982"}
,"C:\\Users\\HP\\Documents\\Kuliah\\Bootcamp Cooderu\\Pertemuan 6 juni\\miniEcommerce\\models\\role.js": {"path":"C:\\Users\\HP\\Documents\\Kuliah\\Bootcamp Cooderu\\Pertemuan 6 juni\\miniEcommerce\\models\\role.js","statementMap":{"0":{"start":{"line":4,"column":4},"end":{"line":4,"column":24}},"1":{"start":{"line":5,"column":0},"end":{"line":31,"column":2}},"2":{"start":{"line":14,"column":6},"end":{"line":17,"column":9}},"3":{"start":{"line":20,"column":2},"end":{"line":29,"column":5}},"4":{"start":{"line":30,"column":2},"end":{"line":30,"column":14}}},"fnMap":{"0":{"name":"(anonymous_0)","decl":{"start":{"line":5,"column":17},"end":{"line":5,"column":18}},"loc":{"start":{"line":5,"column":43},"end":{"line":31,"column":1}},"line":5},"1":{"name":"(anonymous_1)","decl":{"start":{"line":12,"column":4},"end":{"line":12,"column":5}},"loc":{"start":{"line":12,"column":29},"end":{"line":18,"column":5}},"line":12}},"branchMap":{},"s":{"0":1,"1":1,"2":1,"3":1,"4":1},"f":{"0":1,"1":1},"b":{},"_coverageSchema":"1a1c01bbd47fc00a2c39e90264f33305004495a9","hash":"a4230554a5283d48795f5617b139a49f4a1f39d2"}
,"C:\\Users\\HP\\Documents\\Kuliah\\Bootcamp Cooderu\\Pertemuan 6 juni\\miniEcommerce\\models\\user.js": {"path":"C:\\Users\\HP\\Documents\\Kuliah\\Bootcamp Cooderu\\Pertemuan 6 juni\\miniEcommerce\\models\\user.js","statementMap":{"0":{"start":{"line":4,"column":4},"end":{"line":4,"column":24}},"1":{"start":{"line":5,"column":0},"end":{"line":36,"column":2}},"2":{"start":{"line":14,"column":6},"end":{"line":17,"column":9}},"3":{"start":{"line":19,"column":6},"end":{"line":22,"column":9}},"4":{"start":{"line":27,"column":2},"end":{"line":34,"column":5}},"5":{"start":{"line":35,"column":2},"end":{"line":35,"column":14}}},"fnMap":{"0":{"name":"(anonymous_0)","decl":{"start":{"line":5,"column":17},"end":{"line":5,"column":18}},"loc":{"start":{"line":5,"column":43},"end":{"line":36,"column":1}},"line":5},"1":{"name":"(anonymous_1)","decl":{"start":{"line":12,"column":4},"end":{"line":12,"column":5}},"loc":{"start":{"line":12,"column":29},"end":{"line":25,"column":5}},"line":12}},"branchMap":{},"s":{"0":1,"1":1,"2":1,"3":1,"4":1,"5":1},"f":{"0":1,"1":1},"b":{},"_coverageSchema":"1a1c01bbd47fc00a2c39e90264f33305004495a9","hash":"48ee710f74ebb6c775387f375d8d74b7702c0596"}
}
