TN:
SF:config\config.js
FNF:0
FNH:0
DA:1,1
DA:2,1
LF:2
LH:2
BRF:0
BRH:0
end_of_record
TN:
SF:controllers\user.controller.js
FN:5,(anonymous_0)
FN:16,(anonymous_1)
FN:58,(anonymous_2)
FN:69,(anonymous_3)
FN:94,(anonymous_4)
FN:99,(anonymous_5)
FN:100,(anonymous_6)
FN:105,(anonymous_7)
FN:113,(anonymous_8)
FN:119,(anonymous_9)
FN:124,(anonymous_10)
FN:131,(anonymous_11)
FN:139,(anonymous_12)
FN:146,(anonymous_13)
FN:191,(anonymous_14)
FN:199,(anonymous_15)
FN:204,(anonymous_16)
FN:210,(anonymous_17)
FN:223,(anonymous_18)
FN:228,(anonymous_19)
FN:240,(anonymous_20)
FN:245,(anonymous_21)
FN:312,(anonymous_22)
FN:338,(anonymous_23)
FN:343,(anonymous_24)
FN:351,(anonymous_25)
FN:356,(anonymous_26)
FN:361,(anonymous_27)
FNF:28
FNH:19
FNDA:2,(anonymous_0)
FNDA:0,(anonymous_1)
FNDA:2,(anonymous_2)
FNDA:1,(anonymous_3)
FNDA:1,(anonymous_4)
FNDA:2,(anonymous_5)
FNDA:1,(anonymous_6)
FNDA:1,(anonymous_7)
FNDA:2,(anonymous_8)
FNDA:1,(anonymous_9)
FNDA:1,(anonymous_10)
FNDA:2,(anonymous_11)
FNDA:0,(anonymous_12)
FNDA:0,(anonymous_13)
FNDA:2,(anonymous_14)
FNDA:1,(anonymous_15)
FNDA:0,(anonymous_16)
FNDA:0,(anonymous_17)
FNDA:0,(anonymous_18)
FNDA:0,(anonymous_19)
FNDA:0,(anonymous_20)
FNDA:0,(anonymous_21)
FNDA:2,(anonymous_22)
FNDA:1,(anonymous_23)
FNDA:1,(anonymous_24)
FNDA:2,(anonymous_25)
FNDA:1,(anonymous_26)
FNDA:1,(anonymous_27)
DA:1,1
DA:2,1
DA:3,1
DA:5,1
DA:6,2
DA:7,2
DA:8,2
DA:9,2
DA:14,2
DA:16,2
DA:18,0
DA:24,0
DA:25,0
DA:31,0
DA:35,0
DA:41,0
DA:51,0
DA:58,1
DA:59,2
DA:60,2
DA:61,2
DA:70,1
DA:72,1
DA:73,1
DA:78,0
DA:84,0
DA:86,0
DA:95,1
DA:99,1
DA:100,2
DA:101,1
DA:106,1
DA:113,1
DA:114,2
DA:115,2
DA:120,1
DA:125,1
DA:131,1
DA:132,2
DA:134,2
DA:135,0
DA:140,0
DA:141,0
DA:147,0
DA:154,0
DA:161,2
DA:191,1
DA:192,2
DA:194,2
DA:195,1
DA:200,1
DA:201,0
DA:205,0
DA:211,0
DA:218,1
DA:219,1
DA:224,0
DA:229,0
DA:240,1
DA:241,0
DA:243,0
DA:245,0
DA:246,0
DA:252,0
DA:258,0
DA:260,0
DA:261,0
DA:262,0
DA:269,0
DA:270,0
DA:278,0
DA:286,0
DA:294,0
DA:304,0
DA:312,1
DA:313,2
DA:339,1
DA:344,1
DA:351,1
DA:352,2
DA:357,1
DA:362,1
DA:368,1
LF:83
LH:48
BRDA:24,0,0,0
BRDA:24,0,1,0
BRDA:72,1,0,1
BRDA:72,1,1,0
BRDA:134,2,0,0
BRDA:134,2,1,2
BRDA:140,3,0,0
BRDA:140,3,1,0
BRDA:194,4,0,1
BRDA:194,4,1,1
BRDA:200,5,0,0
BRDA:200,5,1,1
BRDA:260,6,0,0
BRDA:260,6,1,0
BRF:14
BRH:5
end_of_record
TN:
SF:middleware\authentication.js
FN:5,(anonymous_0)
FN:7,(anonymous_1)
FN:20,(anonymous_2)
FNF:3
FNH:0
FNDA:0,(anonymous_0)
FNDA:0,(anonymous_1)
FNDA:0,(anonymous_2)
DA:2,1
DA:3,1
DA:5,1
DA:6,0
DA:7,0
DA:8,0
DA:9,0
DA:14,0
DA:15,0
DA:16,0
DA:20,1
DA:21,0
DA:25,0
DA:28,1
LF:14
LH:5
BRDA:8,0,0,0
BRDA:8,0,1,0
BRF:2
BRH:0
end_of_record
TN:
SF:models\balance.js
FN:5,(anonymous_0)
FN:12,(anonymous_1)
FNF:2
FNH:2
FNDA:1,(anonymous_0)
FNDA:1,(anonymous_1)
DA:4,1
DA:5,1
DA:16,1
DA:23,1
LF:4
LH:4
BRF:0
BRH:0
end_of_record
TN:
SF:models\history.js
FN:5,(anonymous_0)
FN:12,(anonymous_1)
FNF:2
FNH:2
FNDA:1,(anonymous_0)
FNDA:1,(anonymous_1)
DA:4,1
DA:5,1
DA:14,1
DA:19,1
DA:25,1
DA:34,1
LF:6
LH:6
BRF:0
BRH:0
end_of_record
TN:
SF:models\index.js
FN:20,(anonymous_0)
FN:23,(anonymous_1)
FN:28,(anonymous_2)
FNF:3
FNH:3
FNDA:6,(anonymous_0)
FNDA:5,(anonymous_1)
FNDA:5,(anonymous_2)
DA:3,1
DA:4,1
DA:5,1
DA:6,1
DA:7,1
DA:8,1
DA:9,1
DA:12,1
DA:13,0
DA:15,1
DA:18,1
DA:21,6
DA:24,5
DA:25,5
DA:28,1
DA:29,5
DA:30,5
DA:34,1
DA:35,1
DA:37,1
LF:20
LH:19
BRDA:7,0,0,1
BRDA:7,0,1,0
BRDA:12,1,0,0
BRDA:12,1,1,1
BRDA:21,2,0,6
BRDA:21,2,1,6
BRDA:21,2,2,5
BRDA:29,3,0,5
BRDA:29,3,1,0
BRF:9
BRH:6
end_of_record
TN:
SF:models\product.js
FN:5,(anonymous_0)
FN:12,(anonymous_1)
FNF:2
FNH:2
FNDA:1,(anonymous_0)
FNDA:1,(anonymous_1)
DA:4,1
DA:5,1
DA:14,1
DA:20,1
DA:29,1
LF:5
LH:5
BRF:0
BRH:0
end_of_record
TN:
SF:models\role.js
FN:5,(anonymous_0)
FN:12,(anonymous_1)
FNF:2
FNH:2
FNDA:1,(anonymous_0)
FNDA:1,(anonymous_1)
DA:4,1
DA:5,1
DA:14,1
DA:20,1
DA:30,1
LF:5
LH:5
BRF:0
BRH:0
end_of_record
TN:
SF:models\user.js
FN:5,(anonymous_0)
FN:12,(anonymous_1)
FNF:2
FNH:2
FNDA:1,(anonymous_0)
FNDA:1,(anonymous_1)
DA:4,1
DA:5,1
DA:14,1
DA:19,1
DA:27,1
DA:35,1
LF:6
LH:6
BRF:0
BRH:0
end_of_record
